0 info it worked if it ends with ok
1 verbose cli [ '/usr/bin/nodejs', '/usr/bin/npm', 'run-script', 'client-test' ]
2 info using npm@4.0.5
3 info using node@v7.4.0
4 verbose run-script [ 'preclient-test', 'client-test', 'postclient-test' ]
5 info lifecycle trailmaster@0.2.0~preclient-test: trailmaster@0.2.0
6 silly lifecycle trailmaster@0.2.0~preclient-test: no script for preclient-test, continuing
7 info lifecycle trailmaster@0.2.0~client-test: trailmaster@0.2.0
8 verbose lifecycle trailmaster@0.2.0~client-test: unsafe-perm in lifecycle true
9 verbose lifecycle trailmaster@0.2.0~client-test: PATH: /usr/lib/node_modules/npm/bin/node-gyp-bin:/home/tjscollins/Documents/WebDev/Trail Master App/node_modules/.bin:/usr/local/heroku/bin:/home/tjscollins/bin:/home/tjscollins/.local/bin:/usr/local/sbin:/usr/local/bin:/usr/sbin:/usr/bin:/sbin:/bin:/usr/games:/usr/local/games:/snap/bin:/usr/lib/jvm/java-8-oracle/bin:/usr/lib/jvm/java-8-oracle/db/bin:/usr/lib/jvm/java-8-oracle/jre/bin
10 verbose lifecycle trailmaster@0.2.0~client-test: CWD: /home/tjscollins/Documents/WebDev/Trail Master App
11 silly lifecycle trailmaster@0.2.0~client-test: Args: [ '-c', 'karma start' ]
12 silly lifecycle trailmaster@0.2.0~client-test: Returned: code: 1  signal: null
13 info lifecycle trailmaster@0.2.0~client-test: Failed to exec client-test script
14 verbose stack Error: trailmaster@0.2.0 client-test: `karma start`
14 verbose stack Exit status 1
14 verbose stack     at EventEmitter.<anonymous> (/usr/lib/node_modules/npm/lib/utils/lifecycle.js:279:16)
14 verbose stack     at emitTwo (events.js:106:13)
14 verbose stack     at EventEmitter.emit (events.js:191:7)
14 verbose stack     at ChildProcess.<anonymous> (/usr/lib/node_modules/npm/lib/utils/spawn.js:40:14)
14 verbose stack     at emitTwo (events.js:106:13)
14 verbose stack     at ChildProcess.emit (events.js:191:7)
14 verbose stack     at maybeClose (internal/child_process.js:885:16)
14 verbose stack     at Process.ChildProcess._handle.onexit (internal/child_process.js:226:5)
15 verbose pkgid trailmaster@0.2.0
16 verbose cwd /home/tjscollins/Documents/WebDev/Trail Master App
17 error Linux 4.4.0-62-generic
18 error argv "/usr/bin/nodejs" "/usr/bin/npm" "run-script" "client-test"
19 error node v7.4.0
20 error npm  v4.0.5
21 error code ELIFECYCLE
22 error trailmaster@0.2.0 client-test: `karma start`
22 error Exit status 1
23 error Failed at the trailmaster@0.2.0 client-test script 'karma start'.
23 error Make sure you have the latest version of node.js and npm installed.
23 error If you do, this is most likely a problem with the trailmaster package,
23 error not with npm itself.
23 error Tell the author that this fails on your system:
23 error     karma start
23 error You can get information on how to open an issue for this project with:
23 error     npm bugs trailmaster
23 error Or if that isn't available, you can get their info via:
23 error     npm owner ls trailmaster
23 error There is likely additional logging output above.
24 verbose exit [ 1, true ]
